# JRE version: Java(TM) SE Runtime Environment (8.0_71-b15) (build 1.8.0_71-b15)
# Java VM: Java HotSpot(TM) 64-Bit Server VM (25.71-b15 mixed mode windows-amd64 compressed oops)
Heap:
 PSYoungGen      total 845312K, used 556042K [0x00000006eab00000, 0x000000071f580000, 0x00000007c0000000)
  eden space 829952K, 66% used [0x00000006eab00000,0x000000070ca02ad0,0x000000071d580000)
  from space 15360K, 0% used [0x000000071d580000,0x000000071d580000,0x000000071e480000)
  to   space 15872K, 0% used [0x000000071e480000,0x000000071e480000,0x000000071f400000)
 ParOldGen       total 143872K, used 143674K [0x0000000540000000, 0x0000000548c80000, 0x00000006eab00000)
  object space 143872K, 99% used [0x0000000540000000,0x0000000548c4ea90,0x0000000548c80000)
 Metaspace       used 17202K, capacity 17404K, committed 17792K, reserved 1064960K
  class space    used 2024K, capacity 2111K, committed 2176K, reserved 1048576K
GC Heap History (10 events):
Event: 83.169 GC heap before
{Heap before GC invocations=45 (full 22):
 PSYoungGen      total 845312K, used 829952K [0x00000006eab00000, 0x000000071f580000, 0x00000007c0000000)
  eden space 829952K, 100% used [0x00000006eab00000,0x000000071d580000,0x000000071d580000)
  from space 15360K, 0% used [0x000000071d580000,0x000000071d580000,0x000000071e480000)
  to   space 15872K, 0% used [0x000000071e480000,0x000000071e480000,0x000000071f400000)
 ParOldGen       total 143872K, used 143674K [0x0000000540000000, 0x0000000548c80000, 0x00000006eab00000)
  object space 143872K, 99% used [0x0000000540000000,0x0000000548c4ea90,0x0000000548c80000)
 Metaspace       used 17202K, capacity 17404K, committed 17792K, reserved 1064960K
  class space    used 2024K, capacity 2111K, committed 2176K, reserved 1048576K
Event: 83.627 GC heap after
Heap after GC invocations=45 (full 22):
 PSYoungGen      total 845312K, used 141998K [0x00000006eab00000, 0x000000071f580000, 0x00000007c0000000)
  eden space 829952K, 17% used [0x00000006eab00000,0x00000006f35abb90,0x000000071d580000)
  from space 15360K, 0% used [0x000000071d580000,0x000000071d580000,0x000000071e480000)
  to   space 15872K, 0% used [0x000000071e480000,0x000000071e480000,0x000000071f400000)
 ParOldGen       total 143872K, used 143674K [0x0000000540000000, 0x0000000548c80000, 0x00000006eab00000)
  object space 143872K, 99% used [0x0000000540000000,0x0000000548c4ea90,0x0000000548c80000)
 Metaspace       used 17202K, capacity 17404K, committed 17792K, reserved 1064960K
  class space    used 2024K, capacity 2111K, committed 2176K, reserved 1048576K
}
Event: 84.827 GC heap before
{Heap before GC invocations=46 (full 23):
 PSYoungGen      total 845312K, used 829952K [0x00000006eab00000, 0x000000071f580000, 0x00000007c0000000)
  eden space 829952K, 100% used [0x00000006eab00000,0x000000071d580000,0x000000071d580000)
  from space 15360K, 0% used [0x000000071d580000,0x000000071d580000,0x000000071e480000)
  to   space 15872K, 0% used [0x000000071e480000,0x000000071e480000,0x000000071f400000)
 ParOldGen       total 143872K, used 143674K [0x0000000540000000, 0x0000000548c80000, 0x00000006eab00000)
  object space 143872K, 99% used [0x0000000540000000,0x0000000548c4ea90,0x0000000548c80000)
 Metaspace       used 17202K, capacity 17404K, committed 17792K, reserved 1064960K
  class space    used 2024K, capacity 2111K, committed 2176K, reserved 1048576K
Event: 85.869 GC heap after
Heap after GC invocations=46 (full 23):
 PSYoungGen      total 845312K, used 148759K [0x00000006eab00000, 0x000000071f580000, 0x00000007c0000000)
  eden space 829952K, 17% used [0x00000006eab00000,0x00000006f3c45c68,0x000000071d580000)
  from space 15360K, 0% used [0x000000071d580000,0x000000071d580000,0x000000071e480000)
  to   space 15872K, 0% used [0x000000071e480000,0x000000071e480000,0x000000071f400000)
 ParOldGen       total 143872K, used 143674K [0x0000000540000000, 0x0000000548c80000, 0x00000006eab00000)
  object space 143872K, 99% used [0x0000000540000000,0x0000000548c4ea90,0x0000000548c80000)
 Metaspace       used 17202K, capacity 17404K, committed 17792K, reserved 1064960K
  class space    used 2024K, capacity 2111K, committed 2176K, reserved 1048576K
}
Event: 87.084 GC heap before
{Heap before GC invocations=47 (full 24):
 PSYoungGen      total 845312K, used 829952K [0x00000006eab00000, 0x000000071f580000, 0x00000007c0000000)
  eden space 829952K, 100% used [0x00000006eab00000,0x000000071d580000,0x000000071d580000)
  from space 15360K, 0% used [0x000000071d580000,0x000000071d580000,0x000000071e480000)
  to   space 15872K, 0% used [0x000000071e480000,0x000000071e480000,0x000000071f400000)
 ParOldGen       total 143872K, used 143674K [0x0000000540000000, 0x0000000548c80000, 0x00000006eab00000)
  object space 143872K, 99% used [0x0000000540000000,0x0000000548c4ea90,0x0000000548c80000)
 Metaspace       used 17202K, capacity 17404K, committed 17792K, reserved 1064960K
  class space    used 2024K, capacity 2111K, committed 2176K, reserved 1048576K
Event: 88.180 GC heap after
Heap after GC invocations=47 (full 24):
 PSYoungGen      total 845312K, used 155345K [0x00000006eab00000, 0x000000071f580000, 0x00000007c0000000)
  eden space 829952K, 18% used [0x00000006eab00000,0x00000006f42b4600,0x000000071d580000)
  from space 15360K, 0% used [0x000000071d580000,0x000000071d580000,0x000000071e480000)
  to   space 15872K, 0% used [0x000000071e480000,0x000000071e480000,0x000000071f400000)
 ParOldGen       total 143872K, used 143674K [0x0000000540000000, 0x0000000548c80000, 0x00000006eab00000)
  object space 143872K, 99% used [0x0000000540000000,0x0000000548c4ea90,0x0000000548c80000)
 Metaspace       used 17202K, capacity 17404K, committed 17792K, reserved 1064960K
  class space    used 2024K, capacity 2111K, committed 2176K, reserved 1048576K
}
Event: 89.333 GC heap before
{Heap before GC invocations=48 (full 25):
 PSYoungGen      total 845312K, used 829952K [0x00000006eab00000, 0x000000071f580000, 0x00000007c0000000)
  eden space 829952K, 100% used [0x00000006eab00000,0x000000071d580000,0x000000071d580000)
  from space 15360K, 0% used [0x000000071d580000,0x000000071d580000,0x000000071e480000)
  to   space 15872K, 0% used [0x000000071e480000,0x000000071e480000,0x000000071f400000)
 ParOldGen       total 143872K, used 143674K [0x0000000540000000, 0x0000000548c80000, 0x00000006eab00000)
  object space 143872K, 99% used [0x0000000540000000,0x0000000548c4ea90,0x0000000548c80000)
 Metaspace       used 17202K, capacity 17404K, committed 17792K, reserved 1064960K
  class space    used 2024K, capacity 2111K, committed 2176K, reserved 1048576K
Event: 90.397 GC heap after
Heap after GC invocations=48 (full 25):
 PSYoungGen      total 845312K, used 161952K [0x00000006eab00000, 0x000000071f580000, 0x00000007c0000000)
  eden space 829952K, 19% used [0x00000006eab00000,0x00000006f49280c8,0x000000071d580000)
  from space 15360K, 0% used [0x000000071d580000,0x000000071d580000,0x000000071e480000)
  to   space 15872K, 0% used [0x000000071e480000,0x000000071e480000,0x000000071f400000)
 ParOldGen       total 143872K, used 143674K [0x0000000540000000, 0x0000000548c80000, 0x00000006eab00000)
  object space 143872K, 99% used [0x0000000540000000,0x0000000548c4ea90,0x0000000548c80000)
 Metaspace       used 17202K, capacity 17404K, committed 17792K, reserved 1064960K
  class space    used 2024K, capacity 2111K, committed 2176K, reserved 1048576K
}
Event: 91.452 GC heap before
{Heap before GC invocations=49 (full 26):
 PSYoungGen      total 845312K, used 829952K [0x00000006eab00000, 0x000000071f580000, 0x00000007c0000000)
  eden space 829952K, 100% used [0x00000006eab00000,0x000000071d580000,0x000000071d580000)
  from space 15360K, 0% used [0x000000071d580000,0x000000071d580000,0x000000071e480000)
  to   space 15872K, 0% used [0x000000071e480000,0x000000071e480000,0x000000071f400000)
 ParOldGen       total 143872K, used 143674K [0x0000000540000000, 0x0000000548c80000, 0x00000006eab00000)
  object space 143872K, 99% used [0x0000000540000000,0x0000000548c4ea90,0x0000000548c80000)
 Metaspace       used 17202K, capacity 17404K, committed 17792K, reserved 1064960K
  class space    used 2024K, capacity 2111K, committed 2176K, reserved 1048576K
Event: 92.602 GC heap after
Heap after GC invocations=49 (full 26):
 PSYoungGen      total 845312K, used 168613K [0x00000006eab00000, 0x000000071f580000, 0x00000007c0000000)
  eden space 829952K, 20% used [0x00000006eab00000,0x00000006f4fa9650,0x000000071d580000)
  from space 15360K, 0% used [0x000000071d580000,0x000000071d580000,0x000000071e480000)
  to   space 15872K, 0% used [0x000000071e480000,0x000000071e480000,0x000000071f400000)
 ParOldGen       total 143872K, used 143674K [0x0000000540000000, 0x0000000548c80000, 0x00000006eab00000)
  object space 143872K, 99% used [0x0000000540000000,0x0000000548c4ea90,0x0000000548c80000)
 Metaspace       used 17202K, capacity 17404K, committed 17792K, reserved 1064960K
  class space    used 2024K, capacity 2111K, committed 2176K, reserved 1048576K
}

